0 info it worked if it ends with ok
1 verbose cli [ '/Users/richm/.nvm/versions/node/v6.2.2/bin/node',
1 verbose cli   '/Users/richm/.nvm/versions/node/v6.2.2/bin/npm',
1 verbose cli   'run',
1 verbose cli   'test' ]
2 info using npm@3.9.5
3 info using node@v6.2.2
4 verbose run-script [ 'pretest', 'test', 'posttest' ]
5 info lifecycle testing-dir@1.0.0~pretest: testing-dir@1.0.0
6 silly lifecycle testing-dir@1.0.0~pretest: no script for pretest, continuing
7 info lifecycle testing-dir@1.0.0~test: testing-dir@1.0.0
8 verbose lifecycle testing-dir@1.0.0~test: unsafe-perm in lifecycle true
9 verbose lifecycle testing-dir@1.0.0~test: PATH: /Users/richm/.nvm/versions/node/v6.2.2/lib/node_modules/npm/bin/node-gyp-bin:/Users/richm/workspace/redux-shop/node_modules/.bin:/Users/richm/.nvm/versions/node/v6.2.2/bin:/Users/richm/.rvm/gems/ruby-2.1.10/bin:/Users/richm/.rvm/gems/ruby-2.1.10@global/bin:/Users/richm/.rvm/rubies/ruby-2.1.10/bin:/Users/richm/.nvm/versions/node/v6.2.2/bin:/usr/local/bin:/usr/bin:/bin:/usr/sbin:/sbin:/Library/Frameworks/Mono.framework/Versions/Current/Commands:/Applications/Wireshark.app/Contents/MacOS:/usr/local/share/npm/bin:/Users/richm/.rvm/bin
10 verbose lifecycle testing-dir@1.0.0~test: CWD: /Users/richm/workspace/redux-shop
11 silly lifecycle testing-dir@1.0.0~test: Args: [ '-c',
11 silly lifecycle   'mocha --require ignore-styles setup.js --compilers js:babel-core/register \'src/**/*.spec.js\'' ]
12 silly lifecycle testing-dir@1.0.0~test: Returned: code: 1  signal: null
13 info lifecycle testing-dir@1.0.0~test: Failed to exec test script
14 verbose stack Error: testing-dir@1.0.0 test: `mocha --require ignore-styles setup.js --compilers js:babel-core/register 'src/**/*.spec.js'`
14 verbose stack Exit status 1
14 verbose stack     at EventEmitter.<anonymous> (/Users/richm/.nvm/versions/node/v6.2.2/lib/node_modules/npm/lib/utils/lifecycle.js:245:16)
14 verbose stack     at emitTwo (events.js:106:13)
14 verbose stack     at EventEmitter.emit (events.js:191:7)
14 verbose stack     at ChildProcess.<anonymous> (/Users/richm/.nvm/versions/node/v6.2.2/lib/node_modules/npm/lib/utils/spawn.js:24:14)
14 verbose stack     at emitTwo (events.js:106:13)
14 verbose stack     at ChildProcess.emit (events.js:191:7)
14 verbose stack     at maybeClose (internal/child_process.js:852:16)
14 verbose stack     at Process.ChildProcess._handle.onexit (internal/child_process.js:215:5)
15 verbose pkgid testing-dir@1.0.0
16 verbose cwd /Users/richm/workspace/redux-shop
17 error Darwin 15.6.0
18 error argv "/Users/richm/.nvm/versions/node/v6.2.2/bin/node" "/Users/richm/.nvm/versions/node/v6.2.2/bin/npm" "run" "test"
19 error node v6.2.2
20 error npm  v3.9.5
21 error code ELIFECYCLE
22 error testing-dir@1.0.0 test: `mocha --require ignore-styles setup.js --compilers js:babel-core/register 'src/**/*.spec.js'`
22 error Exit status 1
23 error Failed at the testing-dir@1.0.0 test script 'mocha --require ignore-styles setup.js --compilers js:babel-core/register 'src/**/*.spec.js''.
23 error Make sure you have the latest version of node.js and npm installed.
23 error If you do, this is most likely a problem with the testing-dir package,
23 error not with npm itself.
23 error Tell the author that this fails on your system:
23 error     mocha --require ignore-styles setup.js --compilers js:babel-core/register 'src/**/*.spec.js'
23 error You can get information on how to open an issue for this project with:
23 error     npm bugs testing-dir
23 error Or if that isn't available, you can get their info via:
23 error     npm owner ls testing-dir
23 error There is likely additional logging output above.
24 verbose exit [ 1, true ]
